<?xml version="1.0" encoding="UTF-8"?>
<!-- Generated by org.testng.reporters.JUnitXMLReporter -->
<testsuite ignored="3" hostname="LTIN314724" failures="0" tests="14" name="Test" time="38.988" errors="0" timestamp="2024-02-28T11:33:42 IST">
  <testcase classname="testcases.TC_01" name="navigate_to_zig_wheels_website" time="0.039"/>
  <testcase classname="testcases.TC_01" name="user_hover_to_new_bikes_option" time="0.207"/>
  <testcase classname="testcases.TC_01" name="user_click_upcoming_bikes_from_the_dropdown" time="2.301"/>
  <testcase classname="testcases.TC_01" name="user_navigate_to_upcoming_bikes_page" time="0.01"/>
  <testcase classname="testcases.TC_01" name="user_select_honda_from_manufacturers_dropdown" time="1.11"/>
  <testcase classname="testcases.TC_01" name="user_click_read_more_option" time="0.111"/>
  <testcase classname="testcases.TC_01" name="user_displays_upcoming_honda_bikes_which_is_less_than_4lac" time="4.209"/>
  <testcase classname="testcases.TC_01" name="user_hover_used_cars" time="0.186"/>
  <testcase classname="testcases.TC_01" name="user_click_chennai_option_from_the_dropdown" time="3.798"/>
  <testcase classname="testcases.TC_01" name="user_navigate_to_used_cars_in_chennai_page" time="0.009"/>
  <testcase classname="testcases.TC_02" name="user_displays_popular_models_in_the_list" time="0.495"/>
  <testcase classname="testcases.TC_03" name="user_clicks_login_button" time="7.32"/>
  <testcase classname="testcases.TC_03" name="user_gives_invalid_input" time="3.735"/>
  <testcase classname="testcases.TC_03" name="user_gets_the_error_message" time="0.142"/>
  <testcase classname="testcases.BaseClass" name="@BeforeTest navigate" time="0.0">
    <ignored/>
  </testcase> <!-- @BeforeTest navigate -->
  <testcase classname="testcases.BaseClass" name="@BeforeTest navigate" time="0.0">
    <ignored/>
  </testcase> <!-- @BeforeTest navigate -->
  <testcase classname="testcases.BaseClass" name="@AfterTest close" time="0.0">
    <ignored/>
  </testcase> <!-- @AfterTest close -->
</testsuite> <!-- Test -->
