<?xml version="1.0" encoding="UTF-8"?>
<testng-results ignored="3" total="17" passed="14" failed="0" skipped="0">
  <reporter-output>
  </reporter-output>
  <suite started-at="2024-02-28T11:33:03 IST" name="Suite" finished-at="2024-02-28T11:33:42 IST" duration-ms="38988">
    <groups>
    </groups>
    <test started-at="2024-02-28T11:33:03 IST" name="Test" finished-at="2024-02-28T11:33:42 IST" duration-ms="38988">
      <class name="testcases.TC_01">
        <test-method is-config="true" signature="navigate(java.lang.String,java.lang.String)[pri:0, instance:testcases.TC_01@1623b78d]" started-at="2024-02-28T11:33:04 IST" name="navigate" finished-at="2024-02-28T11:33:14 IST" duration-ms="10169" status="PASS">
          <params>
            <param index="0">
              <value>
                <![CDATA[windows]]>
              </value>
            </param>
            <param index="1">
              <value>
                <![CDATA[edge]]>
              </value>
            </param>
          </params>
          <reporter-output>
          </reporter-output>
        </test-method> <!-- navigate -->
        <test-method signature="navigate_to_zig_wheels_website()[pri:1, instance:testcases.TC_01@1623b78d]" started-at="2024-02-28T11:33:14 IST" name="navigate_to_zig_wheels_website" finished-at="2024-02-28T11:33:14 IST" duration-ms="39" status="PASS">
          <reporter-output>
          </reporter-output>
        </test-method> <!-- navigate_to_zig_wheels_website -->
        <test-method signature="user_hover_to_new_bikes_option()[pri:2, instance:testcases.TC_01@1623b78d]" started-at="2024-02-28T11:33:14 IST" name="user_hover_to_new_bikes_option" finished-at="2024-02-28T11:33:15 IST" duration-ms="207" status="PASS">
          <reporter-output>
          </reporter-output>
        </test-method> <!-- user_hover_to_new_bikes_option -->
        <test-method signature="user_click_upcoming_bikes_from_the_dropdown()[pri:3, instance:testcases.TC_01@1623b78d]" started-at="2024-02-28T11:33:15 IST" name="user_click_upcoming_bikes_from_the_dropdown" finished-at="2024-02-28T11:33:17 IST" duration-ms="2301" status="PASS">
          <reporter-output>
          </reporter-output>
        </test-method> <!-- user_click_upcoming_bikes_from_the_dropdown -->
        <test-method signature="user_navigate_to_upcoming_bikes_page()[pri:4, instance:testcases.TC_01@1623b78d]" started-at="2024-02-28T11:33:18 IST" name="user_navigate_to_upcoming_bikes_page" finished-at="2024-02-28T11:33:18 IST" duration-ms="10" status="PASS">
          <reporter-output>
          </reporter-output>
        </test-method> <!-- user_navigate_to_upcoming_bikes_page -->
        <test-method signature="user_select_honda_from_manufacturers_dropdown()[pri:5, instance:testcases.TC_01@1623b78d]" started-at="2024-02-28T11:33:18 IST" name="user_select_honda_from_manufacturers_dropdown" finished-at="2024-02-28T11:33:19 IST" duration-ms="1110" status="PASS">
          <reporter-output>
          </reporter-output>
        </test-method> <!-- user_select_honda_from_manufacturers_dropdown -->
        <test-method signature="user_click_read_more_option()[pri:6, instance:testcases.TC_01@1623b78d]" started-at="2024-02-28T11:33:19 IST" name="user_click_read_more_option" finished-at="2024-02-28T11:33:19 IST" duration-ms="111" status="PASS">
          <reporter-output>
          </reporter-output>
        </test-method> <!-- user_click_read_more_option -->
        <test-method signature="user_displays_upcoming_honda_bikes_which_is_less_than_4lac()[pri:7, instance:testcases.TC_01@1623b78d]" started-at="2024-02-28T11:33:20 IST" name="user_displays_upcoming_honda_bikes_which_is_less_than_4lac" finished-at="2024-02-28T11:33:24 IST" duration-ms="4209" status="PASS">
          <reporter-output>
          </reporter-output>
        </test-method> <!-- user_displays_upcoming_honda_bikes_which_is_less_than_4lac -->
        <test-method signature="user_hover_used_cars()[pri:8, instance:testcases.TC_01@1623b78d]" started-at="2024-02-28T11:33:24 IST" name="user_hover_used_cars" finished-at="2024-02-28T11:33:24 IST" duration-ms="186" status="PASS">
          <reporter-output>
          </reporter-output>
        </test-method> <!-- user_hover_used_cars -->
        <test-method signature="user_click_chennai_option_from_the_dropdown()[pri:9, instance:testcases.TC_01@1623b78d]" started-at="2024-02-28T11:33:25 IST" name="user_click_chennai_option_from_the_dropdown" finished-at="2024-02-28T11:33:29 IST" duration-ms="3798" status="PASS">
          <reporter-output>
          </reporter-output>
        </test-method> <!-- user_click_chennai_option_from_the_dropdown -->
        <test-method signature="user_navigate_to_used_cars_in_chennai_page()[pri:10, instance:testcases.TC_01@1623b78d]" started-at="2024-02-28T11:33:29 IST" name="user_navigate_to_used_cars_in_chennai_page" finished-at="2024-02-28T11:33:29 IST" duration-ms="9" status="PASS">
          <reporter-output>
          </reporter-output>
        </test-method> <!-- user_navigate_to_used_cars_in_chennai_page -->
        <test-method is-config="true" signature="close()[pri:0, instance:testcases.TC_01@1623b78d]" started-at="2024-02-28T11:33:41 IST" name="close" finished-at="2024-02-28T11:33:42 IST" duration-ms="1162" status="PASS">
          <reporter-output>
          </reporter-output>
        </test-method> <!-- close -->
      </class> <!-- testcases.TC_01 -->
      <class name="testcases.TC_02">
        <test-method signature="user_displays_popular_models_in_the_list()[pri:11, instance:testcases.TC_02@4efbca5a]" started-at="2024-02-28T11:33:29 IST" name="user_displays_popular_models_in_the_list" finished-at="2024-02-28T11:33:30 IST" duration-ms="495" status="PASS">
          <reporter-output>
          </reporter-output>
        </test-method> <!-- user_displays_popular_models_in_the_list -->
      </class> <!-- testcases.TC_02 -->
      <class name="testcases.TC_03">
        <test-method signature="user_clicks_login_button()[pri:12, instance:testcases.TC_03@55183b20]" started-at="2024-02-28T11:33:30 IST" name="user_clicks_login_button" finished-at="2024-02-28T11:33:37 IST" duration-ms="7320" status="PASS">
          <reporter-output>
          </reporter-output>
        </test-method> <!-- user_clicks_login_button -->
        <test-method signature="user_gives_invalid_input()[pri:13, instance:testcases.TC_03@55183b20]" started-at="2024-02-28T11:33:37 IST" name="user_gives_invalid_input" finished-at="2024-02-28T11:33:41 IST" duration-ms="3735" status="PASS">
          <reporter-output>
          </reporter-output>
        </test-method> <!-- user_gives_invalid_input -->
        <test-method signature="user_gets_the_error_message()[pri:14, instance:testcases.TC_03@55183b20]" started-at="2024-02-28T11:33:41 IST" name="user_gets_the_error_message" finished-at="2024-02-28T11:33:41 IST" duration-ms="142" status="PASS">
          <reporter-output>
          </reporter-output>
        </test-method> <!-- user_gets_the_error_message -->
        <test-method is-config="true" signature="close()[pri:0, instance:testcases.TC_03@55183b20]" started-at="2024-02-28T11:33:43 IST" name="close" finished-at="2024-02-28T11:33:43 IST" duration-ms="1" status="FAIL">
          <exception class="java.lang.NullPointerException">
            <message>
              <![CDATA[Cannot invoke "org.openqa.selenium.WebDriver.quit()" because "this.driver" is null]]>
            </message>
            <full-stacktrace>
              <![CDATA[java.lang.NullPointerException: Cannot invoke "org.openqa.selenium.WebDriver.quit()" because "this.driver" is null
at testcases.TC_03.close(TC_03.java:38)
at java.base/jdk.internal.reflect.NativeMethodAccessorImpl.invoke0(Native Method)
at java.base/jdk.internal.reflect.NativeMethodAccessorImpl.invoke(NativeMethodAccessorImpl.java:77)
at java.base/jdk.internal.reflect.DelegatingMethodAccessorImpl.invoke(DelegatingMethodAccessorImpl.java:43)
at java.base/java.lang.reflect.Method.invoke(Method.java:568)
at org.testng.internal.MethodInvocationHelper.invokeMethod(MethodInvocationHelper.java:133)
at org.testng.internal.MethodInvocationHelper.invokeMethodConsideringTimeout(MethodInvocationHelper.java:62)
at org.testng.internal.ConfigInvoker.invokeConfigurationMethod(ConfigInvoker.java:385)
at org.testng.internal.ConfigInvoker.invokeConfigurations(ConfigInvoker.java:321)
at org.testng.SuiteRunner.privateRun(SuiteRunner.java:344)
at org.testng.SuiteRunner.run(SuiteRunner.java:276)
at org.testng.SuiteRunnerWorker.runSuite(SuiteRunnerWorker.java:53)
at org.testng.SuiteRunnerWorker.run(SuiteRunnerWorker.java:96)
at org.testng.TestNG.runSuitesSequentially(TestNG.java:1212)
at org.testng.TestNG.runSuitesLocally(TestNG.java:1134)
at org.testng.TestNG.runSuites(TestNG.java:1063)
at org.testng.TestNG.run(TestNG.java:1031)
at org.testng.remote.AbstractRemoteTestNG.run(AbstractRemoteTestNG.java:115)
at org.testng.remote.RemoteTestNG.initAndRun(RemoteTestNG.java:251)
at org.testng.remote.RemoteTestNG.main(RemoteTestNG.java:77)
]]>
            </full-stacktrace>
          </exception> <!-- java.lang.NullPointerException -->
          <reporter-output>
          </reporter-output>
        </test-method> <!-- close -->
      </class> <!-- testcases.TC_03 -->
    </test> <!-- Test -->
  </suite> <!-- Suite -->
</testng-results>
